0 verbose cli /opt/homebrew/Cellar/node/25.3.0/bin/node /opt/homebrew/bin/npm
1 info using npm@11.7.0
2 info using node@v25.3.0
3 silly config load:file:/opt/homebrew/lib/node_modules/npm/npmrc
4 silly config load:file:/Users/carlosreyes/Proyectos/Web_Site/metamorfosis-web/.npmrc
5 silly config load:file:/Users/carlosreyes/.npmrc
6 silly config load:file:/opt/homebrew/etc/npmrc
7 verbose title npm install @google/generative-ai
8 verbose argv "install" "@google/generative-ai" "--cache" "/Users/carlosreyes/Proyectos/Web_Site/metamorfosis-web/.npm-clean-cache"
9 verbose logfile logs-max:10 dir:/Users/carlosreyes/Proyectos/Web_Site/metamorfosis-web/.npm-clean-cache/_logs/2026-02-24T03_12_46_818Z-
10 verbose logfile /Users/carlosreyes/Proyectos/Web_Site/metamorfosis-web/.npm-clean-cache/_logs/2026-02-24T03_12_46_818Z-debug-0.log
11 silly logfile done cleaning log files
12 silly packumentCache heap:4496293888 maxSize:1124073472 maxEntrySize:562036736
13 verbose shrinkwrap failed to load /Users/carlosreyes/Proyectos/Web_Site/metamorfosis-web EPERM: operation not permitted, open '/Users/carlosreyes/Proyectos/Web_Site/metamorfosis-web/node_modules/.package-lock.json'
14 silly idealTree buildDeps
15 silly fetch manifest @google/generative-ai@*
16 silly packumentCache full:https://registry.npmjs.org/@google%2fgenerative-ai cache-miss
17 http fetch GET 200 https://registry.npmjs.org/npm 284ms
18 http fetch GET 200 https://registry.npmjs.org/@google%2fgenerative-ai 312ms (cache miss)
19 silly packumentCache full:https://registry.npmjs.org/@google%2fgenerative-ai set size:undefined disposed:false
20 silly placeDep ROOT @google/generative-ai@0.24.1 OK for: metamorfosis-web@0.0.1 want: *
21 silly reify moves {}
22 verbose stack Error: EPERM: operation not permitted, mkdir '/Users/carlosreyes/Proyectos/Web_Site/metamorfosis-web/node_modules/@astrojs/check/node_modules/chokidar'
22 verbose stack     at async mkdir (node:internal/fs/promises:856:10)
22 verbose stack     at async /opt/homebrew/lib/node_modules/npm/node_modules/@npmcli/arborist/lib/arborist/reify.js:572:20
22 verbose stack     at async Promise.allSettled (index 0)
22 verbose stack     at async #reifyPackages (/opt/homebrew/lib/node_modules/npm/node_modules/@npmcli/arborist/lib/arborist/reify.js:309:11)
22 verbose stack     at async Arborist.reify (/opt/homebrew/lib/node_modules/npm/node_modules/@npmcli/arborist/lib/arborist/reify.js:121:5)
22 verbose stack     at async Install.exec (/opt/homebrew/lib/node_modules/npm/lib/commands/install.js:150:5)
22 verbose stack     at async Npm.exec (/opt/homebrew/lib/node_modules/npm/lib/npm.js:208:9)
22 verbose stack     at async module.exports (/opt/homebrew/lib/node_modules/npm/lib/cli/entry.js:67:5)
23 error code EPERM
24 error syscall mkdir
25 error path /Users/carlosreyes/Proyectos/Web_Site/metamorfosis-web/node_modules/@astrojs/check/node_modules/chokidar
26 error errno -1
27 error Error: EPERM: operation not permitted, mkdir '/Users/carlosreyes/Proyectos/Web_Site/metamorfosis-web/node_modules/@astrojs/check/node_modules/chokidar'
27 error     at async mkdir (node:internal/fs/promises:856:10)
27 error     at async /opt/homebrew/lib/node_modules/npm/node_modules/@npmcli/arborist/lib/arborist/reify.js:572:20
27 error     at async Promise.allSettled (index 0)
27 error     at async #reifyPackages (/opt/homebrew/lib/node_modules/npm/node_modules/@npmcli/arborist/lib/arborist/reify.js:309:11)
27 error     at async Arborist.reify (/opt/homebrew/lib/node_modules/npm/node_modules/@npmcli/arborist/lib/arborist/reify.js:121:5)
27 error     at async Install.exec (/opt/homebrew/lib/node_modules/npm/lib/commands/install.js:150:5)
27 error     at async Npm.exec (/opt/homebrew/lib/node_modules/npm/lib/npm.js:208:9)
27 error     at async module.exports (/opt/homebrew/lib/node_modules/npm/lib/cli/entry.js:67:5) {
27 error   errno: -1,
27 error   code: 'EPERM',
27 error   syscall: 'mkdir',
27 error   path: '/Users/carlosreyes/Proyectos/Web_Site/metamorfosis-web/node_modules/@astrojs/check/node_modules/chokidar'
27 error }
28 error
28 error The operation was rejected by your operating system.
28 error It is likely you do not have the permissions to access this file as the current user
28 error
28 error If you believe this might be a permissions issue, please double-check the
28 error permissions of the file and its containing directories, or try running
28 error the command again as root/Administrator.
29 silly unfinished npm timer reify 1771902766969
30 silly unfinished npm timer reify:createSparse 1771902767409
31 verbose cwd /Users/carlosreyes/Proyectos/Web_Site/metamorfosis-web
32 verbose os Darwin 25.2.0
33 verbose node v25.3.0
34 verbose npm  v11.7.0
35 notice
35 notice New [33mminor[39m version of npm available! [33m11.7.0[39m -> [34m11.10.1[39m
35 notice Changelog: [34mhttps://github.com/npm/cli/releases/tag/v11.10.1[39m
35 notice To update run: [4mnpm install -g npm@11.10.1[24m
35 notice  { force: true, Symbol(proc-log.meta): true }
36 verbose exit -1
37 verbose code -1
38 error A complete log of this run can be found in: /Users/carlosreyes/Proyectos/Web_Site/metamorfosis-web/.npm-clean-cache/_logs/2026-02-24T03_12_46_818Z-debug-0.log
