0 verbose cli /opt/homebrew/Cellar/node/25.3.0/bin/node /opt/homebrew/bin/npm
1 info using npm@11.7.0
2 info using node@v25.3.0
3 silly config load:file:/opt/homebrew/lib/node_modules/npm/npmrc
4 silly config load:file:/Users/carlosreyes/Proyectos/Web_Site/metamorfosis-web/__injector_temp__/.npmrc
5 silly config load:file:/Users/carlosreyes/.npmrc
6 silly config load:file:/opt/homebrew/etc/npmrc
7 verbose title npm install @google/generative-ai
8 verbose argv "install" "--cache" "/Users/carlosreyes/Proyectos/Web_Site/metamorfosis-web/__injector_temp__/.npm-local" "@google/generative-ai"
9 verbose logfile logs-max:10 dir:/Users/carlosreyes/Proyectos/Web_Site/metamorfosis-web/__injector_temp__/.npm-local/_logs/2026-02-24T03_14_19_115Z-
10 verbose logfile /Users/carlosreyes/Proyectos/Web_Site/metamorfosis-web/__injector_temp__/.npm-local/_logs/2026-02-24T03_14_19_115Z-debug-0.log
11 silly logfile done cleaning log files
12 silly packumentCache heap:4496293888 maxSize:1124073472 maxEntrySize:562036736
13 silly idealTree buildDeps
14 silly fetch manifest @google/generative-ai@*
15 silly packumentCache full:https://registry.npmjs.org/@google%2fgenerative-ai cache-miss
16 http fetch GET 200 https://registry.npmjs.org/@google%2fgenerative-ai 150ms (cache miss)
17 silly packumentCache full:https://registry.npmjs.org/@google%2fgenerative-ai set size:undefined disposed:false
18 silly placeDep ROOT @google/generative-ai@0.24.1 OK for: __injector_temp__@1.0.0 want: *
19 silly reify moves {}
20 verbose stack Error: EPERM: operation not permitted, mkdir '/Users/carlosreyes/Proyectos/Web_Site/metamorfosis-web/__injector_temp__/node_modules/@google'
20 verbose stack     at async mkdir (node:internal/fs/promises:856:10)
20 verbose stack     at async /opt/homebrew/lib/node_modules/npm/node_modules/@npmcli/arborist/lib/arborist/reify.js:572:20
20 verbose stack     at async Promise.allSettled (index 0)
20 verbose stack     at async #reifyPackages (/opt/homebrew/lib/node_modules/npm/node_modules/@npmcli/arborist/lib/arborist/reify.js:309:11)
20 verbose stack     at async Arborist.reify (/opt/homebrew/lib/node_modules/npm/node_modules/@npmcli/arborist/lib/arborist/reify.js:121:5)
20 verbose stack     at async Install.exec (/opt/homebrew/lib/node_modules/npm/lib/commands/install.js:150:5)
20 verbose stack     at async Npm.exec (/opt/homebrew/lib/node_modules/npm/lib/npm.js:208:9)
20 verbose stack     at async module.exports (/opt/homebrew/lib/node_modules/npm/lib/cli/entry.js:67:5)
21 error code EPERM
22 error syscall mkdir
23 error path /Users/carlosreyes/Proyectos/Web_Site/metamorfosis-web/__injector_temp__/node_modules/@google
24 error errno -1
25 error Error: EPERM: operation not permitted, mkdir '/Users/carlosreyes/Proyectos/Web_Site/metamorfosis-web/__injector_temp__/node_modules/@google'
25 error     at async mkdir (node:internal/fs/promises:856:10)
25 error     at async /opt/homebrew/lib/node_modules/npm/node_modules/@npmcli/arborist/lib/arborist/reify.js:572:20
25 error     at async Promise.allSettled (index 0)
25 error     at async #reifyPackages (/opt/homebrew/lib/node_modules/npm/node_modules/@npmcli/arborist/lib/arborist/reify.js:309:11)
25 error     at async Arborist.reify (/opt/homebrew/lib/node_modules/npm/node_modules/@npmcli/arborist/lib/arborist/reify.js:121:5)
25 error     at async Install.exec (/opt/homebrew/lib/node_modules/npm/lib/commands/install.js:150:5)
25 error     at async Npm.exec (/opt/homebrew/lib/node_modules/npm/lib/npm.js:208:9)
25 error     at async module.exports (/opt/homebrew/lib/node_modules/npm/lib/cli/entry.js:67:5) {
25 error   errno: -1,
25 error   code: 'EPERM',
25 error   syscall: 'mkdir',
25 error   path: '/Users/carlosreyes/Proyectos/Web_Site/metamorfosis-web/__injector_temp__/node_modules/@google'
25 error }
26 error
26 error The operation was rejected by your operating system.
26 error It is likely you do not have the permissions to access this file as the current user
26 error
26 error If you believe this might be a permissions issue, please double-check the
26 error permissions of the file and its containing directories, or try running
26 error the command again as root/Administrator.
27 silly unfinished npm timer reify 1771902859281
28 silly unfinished npm timer reify:createSparse 1771902859443
29 verbose cwd /Users/carlosreyes/Proyectos/Web_Site/metamorfosis-web/__injector_temp__
30 verbose os Darwin 25.2.0
31 verbose node v25.3.0
32 verbose npm  v11.7.0
33 verbose exit -1
34 verbose code -1
35 error A complete log of this run can be found in: /Users/carlosreyes/Proyectos/Web_Site/metamorfosis-web/__injector_temp__/.npm-local/_logs/2026-02-24T03_14_19_115Z-debug-0.log
